Using pre-set license
Built from '2022.2/staging' branch; Version is '2022.2.11f1 (621cd60d08fd) revision 6429910'; Using compiler version '192829333'; Build Type 'Release'
OS: 'Windows 10  (10.0.19045) 64bit Professional' Language: 'ko' Physical Memory: 32709 MB
BatchMode: 1, IsHumanControllingUs: 0, StartBugReporterOnCrash: 0, Is64bit: 1, IsPro: 1

COMMAND LINE ARGUMENTS:
G:\Unity\2022.2.11f1\Editor\Unity.exe
-adb2
-batchMode
-noUpm
-name
AssetImportWorker0
-projectPath
F:/Program Files/github/Working_Title_Hist.RPG/Working_Title_Hist.RPG
-logFile
Logs/AssetImportWorker0.log
-srvPort
3890
Successfully changed project path to: F:/Program Files/github/Working_Title_Hist.RPG/Working_Title_Hist.RPG
F:/Program Files/github/Working_Title_Hist.RPG/Working_Title_Hist.RPG
[UnityMemory] Configuration Parameters - Can be set up in boot.config
    "memorysetup-bucket-allocator-granularity=16"
    "memorysetup-bucket-allocator-bucket-count=8"
    "memorysetup-bucket-allocator-block-size=33554432"
    "memorysetup-bucket-allocator-block-count=8"
    "memorysetup-main-allocator-block-size=16777216"
    "memorysetup-thread-allocator-block-size=16777216"
    "memorysetup-gfx-main-allocator-block-size=16777216"
    "memorysetup-gfx-thread-allocator-block-size=16777216"
    "memorysetup-cache-allocator-block-size=4194304"
    "memorysetup-typetree-allocator-block-size=2097152"
    "memorysetup-profiler-bucket-allocator-granularity=16"
    "memorysetup-profiler-bucket-allocator-bucket-count=8"
    "memorysetup-profiler-bucket-allocator-block-size=33554432"
    "memorysetup-profiler-bucket-allocator-block-count=8"
    "memorysetup-profiler-allocator-block-size=16777216"
    "memorysetup-profiler-editor-allocator-block-size=1048576"
    "memorysetup-temp-allocator-size-main=16777216"
    "memorysetup-job-temp-allocator-block-size=2097152"
    "memorysetup-job-temp-allocator-block-size-background=1048576"
    "memorysetup-job-temp-allocator-reduction-small-platforms=262144"
    "memorysetup-temp-allocator-size-background-worker=32768"
    "memorysetup-temp-allocator-size-job-worker=262144"
    "memorysetup-temp-allocator-size-preload-manager=33554432"
    "memorysetup-temp-allocator-size-nav-mesh-worker=65536"
    "memorysetup-temp-allocator-size-audio-worker=65536"
    "memorysetup-temp-allocator-size-cloud-worker=32768"
    "memorysetup-temp-allocator-size-gi-baking-worker=262144"
    "memorysetup-temp-allocator-size-gfx=262144"
Player connection [47684] Host "[IP] 192.168.0.2 [Port] 0 [Flags] 2 [Guid] 2427861838 [EditorId] 2427861838 [Version] 1048832 [Id] WindowsEditor(7,DESKTOP-JGTGNHB) [Debug] 1 [PackageName] WindowsEditor [ProjectName] Editor" joined multi-casting on [225.0.0.222:54997]...

Player connection [47684] Host "[IP] 192.168.0.2 [Port] 0 [Flags] 2 [Guid] 2427861838 [EditorId] 2427861838 [Version] 1048832 [Id] WindowsEditor(7,DESKTOP-JGTGNHB) [Debug] 1 [PackageName] WindowsEditor [ProjectName] Editor" joined alternative multi-casting on [225.0.0.222:34997]...

Refreshing native plugins compatible for Editor in 8.27 ms, found 2 plugins.
Preloading 0 native plugins for Editor in 0.00 ms.
Initialize engine version: 2022.2.11f1 (621cd60d08fd)
[Subsystems] Discovering subsystems at path G:/Unity/2022.2.11f1/Editor/Data/Resources/UnitySubsystems
[Subsystems] Discovering subsystems at path F:/Program Files/github/Working_Title_Hist.RPG/Working_Title_Hist.RPG/Assets
GfxDevice: creating device client; threaded=0; jobified=0
Direct3D:
    Version:  Direct3D 11.0 [level 11.1]
    Renderer: NVIDIA GeForce GTX 980 Ti (ID=0x17c8)
    Vendor:   NVIDIA
    VRAM:     6092 MB
    Driver:   31.0.15.3640
Initialize mono
Mono path[0] = 'G:/Unity/2022.2.11f1/Editor/Data/Managed'
Mono path[1] = 'G:/Unity/2022.2.11f1/Editor/Data/MonoBleedingEdge/lib/mono/unityjit-win32'
Mono config path = 'G:/Unity/2022.2.11f1/Editor/Data/MonoBleedingEdge/etc'
Using monoOptions --debugger-agent=transport=dt_socket,embedding=1,server=y,suspend=n,address=127.0.0.1:56752
Begin MonoManager ReloadAssembly
Registering precompiled unity dll's ...
Register platform support module: G:/Unity/2022.2.11f1/Editor/Data/PlaybackEngines/WindowsStandaloneSupport/UnityEditor.WindowsStandalone.Extensions.dll
Registered in 0.014238 seconds.
- Loaded All Assemblies, in  0.544 seconds
Native extension for WindowsStandalone target not found
Mono: successfully reloaded assembly
- Finished resetting the current domain, in  0.352 seconds
Domain Reload Profiling:
	ReloadAssembly (320ms)
		BeginReloadAssembly (149ms)
			ExecutionOrderSort (0ms)
			DisableScriptedObjects (0ms)
			BackupInstance (0ms)
			ReleaseScriptingObjects (0ms)
			CreateAndSetChildDomain (1ms)
		LoadAllAssembliesAndSetupDomain (0ms)
			LoadAssemblies (148ms)
			RebuildTransferFunctionScriptingTraits (0ms)
			SetupTypeCache (214ms)
				TypeCache.Initialize (213ms)
					TypeCache.ScanAssembly (210ms)
				ResolveRequiredComponents (1ms)
		FinalizeReload (0ms)
			ReleaseScriptCaches (0ms)
			RebuildScriptCaches (0ms)
			SetupLoadedEditorAssemblies (270ms)
				LogAssemblyErrors (0ms)
				InitializePlatformSupportModulesInManaged (12ms)
				SetLoadedEditorAssemblies (10ms)
				RefreshPlugins (0ms)
				BeforeProcessingInitializeOnLoad (2ms)
				ProcessInitializeOnLoadAttributes (179ms)
				ProcessInitializeOnLoadMethodAttributes (68ms)
				AfterProcessingInitializeOnLoad (0ms)
				EditorAssembliesLoaded (0ms)
			ExecutionOrderSort2 (0ms)
			AwakeInstancesAfterBackupRestoration (0ms)
========================================================================
Worker process is ready to serve import requests
Begin MonoManager ReloadAssembly
- Loaded All Assemblies, in  0.696 seconds
Refreshing native plugins compatible for Editor in 3.30 ms, found 2 plugins.
Native extension for WindowsStandalone target not found
Mono: successfully reloaded assembly
- Finished resetting the current domain, in  0.703 seconds
Domain Reload Profiling:
	ReloadAssembly (261ms)
		BeginReloadAssembly (163ms)
			ExecutionOrderSort (0ms)
			DisableScriptedObjects (6ms)
			BackupInstance (0ms)
			ReleaseScriptingObjects (0ms)
			CreateAndSetChildDomain (24ms)
		LoadAllAssembliesAndSetupDomain (434ms)
			LoadAssemblies (265ms)
			RebuildTransferFunctionScriptingTraits (0ms)
			SetupTypeCache (260ms)
				TypeCache.Initialize (245ms)
					TypeCache.ScanAssembly (238ms)
				ResolveRequiredComponents (6ms)
		FinalizeReload (0ms)
			ReleaseScriptCaches (0ms)
			RebuildScriptCaches (0ms)
			SetupLoadedEditorAssemblies (347ms)
				LogAssemblyErrors (0ms)
				InitializePlatformSupportModulesInManaged (10ms)
				SetLoadedEditorAssemblies (5ms)
				RefreshPlugins (0ms)
				BeforeProcessingInitializeOnLoad (60ms)
				ProcessInitializeOnLoadAttributes (241ms)
				ProcessInitializeOnLoadMethodAttributes (24ms)
				AfterProcessingInitializeOnLoad (7ms)
				EditorAssembliesLoaded (0ms)
			ExecutionOrderSort2 (0ms)
			AwakeInstancesAfterBackupRestoration (20ms)
Launched and connected shader compiler UnityShaderCompiler.exe after 0.09 seconds
Refreshing native plugins compatible for Editor in 4.03 ms, found 2 plugins.
Preloading 0 native plugins for Editor in 0.00 ms.
Unloading 1426 Unused Serialized files (Serialized files now loaded: 0)
Unloading 21 unused Assets / (63.4 KB). Loaded Objects now: 1903.
Memory consumption went from 73.7 MB to 73.6 MB.
Total: 16.313500 ms (FindLiveObjects: 0.219200 ms CreateObjectMapping: 0.065500 ms MarkObjects: 15.845500 ms  DeleteObjects: 0.181900 ms)

AssetImportParameters requested are different than current active one (requested -> active):
  custom:video-encoder-webm-vp8: eb34c28f22e8b96e1ab97ce403110664 -> 
  custom:video-decoder-webm-vp8: 9c59270c3fd7afecdb556c50c9e8de78 -> 
  custom:audio-decoder-ogg-vorbis: bf7c407c2cedff20999df2af8eb42d56 -> 
  custom:container-demuxer-ogg: 62fdf1f143b41e24485cea50d1cbac27 -> 
  custom:AudioImporter_EditorPlatform: d09bf68614088b80899f8185d706f6e7 -> 
  custom:container-demuxer-webm: 4f35f7cbe854078d1ac9338744f61a02 -> 
  custom:video-decoder-ogg-theora: a1e56fd34408186e4bbccfd4996cb3dc -> 
  custom:audio-encoder-webm-vorbis: bf7c407c2cedff20999df2af8eb42d56 -> 
  custom:framework-win-MediaFoundation: 216162199b28c13a410421893ffa2e32 -> 
  custom:container-muxer-webm: aa71ff27fc2769a1b78a27578f13a17b -> 
========================================================================
Received Import Request.
  Time since last request: 176681.907462 seconds.
  path: Assets/05.Models/medieval_bow_and_arrow.fbx
  artifactKey: Guid(470540b278d528942b2b1724d38b1317) Importer(815301076,1909f56bfc062723c751e8b465ee728b)
Start importing Assets/05.Models/medieval_bow_and_arrow.fbx using Guid(470540b278d528942b2b1724d38b1317) Importer(815301076,1909f56bfc062723c751e8b465ee728b)  -> (artifact id: '2740b41f66432e89fe1e3650f3c59b64') in 0.397457 seconds 
Number of updated asset objects reloaded before import = 0
Number of asset objects unloaded after import = 21
========================================================================
Received Import Request.
  Time since last request: 26.523786 seconds.
  path: Assets/05.Models/medieval_bow_and_arrow.fbx
  artifactKey: Guid(470540b278d528942b2b1724d38b1317) Importer(815301076,1909f56bfc062723c751e8b465ee728b)
Start importing Assets/05.Models/medieval_bow_and_arrow.fbx using Guid(470540b278d528942b2b1724d38b1317) Importer(815301076,1909f56bfc062723c751e8b465ee728b)  -> (artifact id: 'ff07bcd84193ebf75f57663b224b6d2e') in 0.029711 seconds 
Number of updated asset objects reloaded before import = 0
Number of asset objects unloaded after import = 21
========================================================================
Received Import Request.
  Time since last request: 30.588505 seconds.
  path: Assets/05.Models/medieval_bow_and_arrow.fbx
  artifactKey: Guid(470540b278d528942b2b1724d38b1317) Importer(815301076,1909f56bfc062723c751e8b465ee728b)
Start importing Assets/05.Models/medieval_bow_and_arrow.fbx using Guid(470540b278d528942b2b1724d38b1317) Importer(815301076,1909f56bfc062723c751e8b465ee728b)  -> (artifact id: 'f7096a09e49b9df3d104b01737120aa3') in 0.027045 seconds 
Number of updated asset objects reloaded before import = 0
Number of asset objects unloaded after import = 21
========================================================================
Received Import Request.
  Time since last request: 15.730954 seconds.
  path: Assets/05.Models/medieval_bow_and_arrow.fbx
  artifactKey: Guid(470540b278d528942b2b1724d38b1317) Importer(815301076,1909f56bfc062723c751e8b465ee728b)
Start importing Assets/05.Models/medieval_bow_and_arrow.fbx using Guid(470540b278d528942b2b1724d38b1317) Importer(815301076,1909f56bfc062723c751e8b465ee728b)  -> (artifact id: 'd47d3e4e3f240e71bc34cb867369c56a') in 0.027168 seconds 
Number of updated asset objects reloaded before import = 0
Number of asset objects unloaded after import = 21
========================================================================
Received Import Request.
  Time since last request: 31.797327 seconds.
  path: Assets/03.Prefabs/Circle.004.prefab
  artifactKey: Guid(6c2dcb65cd0fc324883024db385c29ab) Importer(815301076,1909f56bfc062723c751e8b465ee728b)
Start importing Assets/03.Prefabs/Circle.004.prefab using Guid(6c2dcb65cd0fc324883024db385c29ab) Importer(815301076,1909f56bfc062723c751e8b465ee728b)  -> (artifact id: 'cd40099b07f125c1e36bea03cab19f5c') in 0.013111 seconds 
Number of updated asset objects reloaded before import = 0
Number of asset objects unloaded after import = 28
========================================================================
Received Import Request.
  Time since last request: 3.501695 seconds.
  path: Assets/03.Prefabs/Arrow.prefab
  artifactKey: Guid(bdb5847ef19e85249ab2b020eb627748) Importer(815301076,1909f56bfc062723c751e8b465ee728b)
Start importing Assets/03.Prefabs/Arrow.prefab using Guid(bdb5847ef19e85249ab2b020eb627748) Importer(815301076,1909f56bfc062723c751e8b465ee728b)  -> (artifact id: '7322810c8bd657231a6945f854a39a56') in 0.016644 seconds 
Number of updated asset objects reloaded before import = 0
Number of asset objects unloaded after import = 9
========================================================================
Received Import Request.
  Time since last request: 12.332575 seconds.
  path: Assets/03.Prefabs/Arrow.prefab
  artifactKey: Guid(6c2dcb65cd0fc324883024db385c29ab) Importer(815301076,1909f56bfc062723c751e8b465ee728b)
Start importing Assets/03.Prefabs/Arrow.prefab using Guid(6c2dcb65cd0fc324883024db385c29ab) Importer(815301076,1909f56bfc062723c751e8b465ee728b)  -> (artifact id: '1a2e9c0c0d4c596f03f449b36137fec6') in 0.007570 seconds 
Number of updated asset objects reloaded before import = 0
Number of asset objects unloaded after import = 28
========================================================================
Received Import Request.
  Time since last request: 5.386798 seconds.
  path: Assets/03.Prefabs/B_Enemy.prefab
  artifactKey: Guid(5782b89b7a17f4342b08a582b30908b1) Importer(815301076,1909f56bfc062723c751e8b465ee728b)
Start importing Assets/03.Prefabs/B_Enemy.prefab using Guid(5782b89b7a17f4342b08a582b30908b1) Importer(815301076,1909f56bfc062723c751e8b465ee728b)  -> (artifact id: 'c1766b2aad8ebe75140f4664516fe398') in 0.013536 seconds 
Number of updated asset objects reloaded before import = 0
Number of asset objects unloaded after import = 10
========================================================================
Received Import Request.
  Time since last request: 4.106272 seconds.
  path: Assets/03.Prefabs/B_Enemy.prefab
  artifactKey: Guid(5782b89b7a17f4342b08a582b30908b1) Importer(815301076,1909f56bfc062723c751e8b465ee728b)
Start importing Assets/03.Prefabs/B_Enemy.prefab using Guid(5782b89b7a17f4342b08a582b30908b1) Importer(815301076,1909f56bfc062723c751e8b465ee728b)  -> (artifact id: '6ef9324b4ba9d724b7c79f938cf9e8c3') in 0.007862 seconds 
Number of updated asset objects reloaded before import = 0
Number of asset objects unloaded after import = 37
========================================================================
Received Import Request.
  Time since last request: 5.581679 seconds.
  path: Assets/03.Prefabs/Cube.008.prefab
  artifactKey: Guid(0fd89e383b1f3f843a2845c9c526fbdd) Importer(815301076,1909f56bfc062723c751e8b465ee728b)
Start importing Assets/03.Prefabs/Cube.008.prefab using Guid(0fd89e383b1f3f843a2845c9c526fbdd) Importer(815301076,1909f56bfc062723c751e8b465ee728b)  -> (artifact id: 'b11f659c4bb55b3446d24bba8e0f895c') in 0.013686 seconds 
Number of updated asset objects reloaded before import = 0
Number of asset objects unloaded after import = 28
========================================================================
Received Import Request.
  Time since last request: 4.754439 seconds.
  path: Assets/03.Prefabs/Bow(new).prefab
  artifactKey: Guid(0fd89e383b1f3f843a2845c9c526fbdd) Importer(815301076,1909f56bfc062723c751e8b465ee728b)
Start importing Assets/03.Prefabs/Bow(new).prefab using Guid(0fd89e383b1f3f843a2845c9c526fbdd) Importer(815301076,1909f56bfc062723c751e8b465ee728b)  -> (artifact id: 'e182e3e13748b1b2a5d057007dd088df') in 0.007762 seconds 
Number of updated asset objects reloaded before import = 0
Number of asset objects unloaded after import = 28
